make --dry-run --always-make --keep-going --print-directory
make: Entering directory '/home/mangupli/coding/minishell'
make -C ./libft/
mkdir -p ./objs/
gcc -Wall -Wextra -Werror -I./includes -c processor/readline.c -o objs/readline.o
mkdir -p ./objs/
gcc -Wall -Wextra -Werror -I./includes -c processor/get_cols.c -o objs/get_cols.o
mkdir -p ./objs/
gcc -Wall -Wextra -Werror -I./includes -c processor/append_line.c -o objs/append_line.o
mkdir -p ./objs/
gcc -Wall -Wextra -Werror -I./includes -c processor/history.c -o objs/history.o
mkdir -p ./objs/
gcc -Wall -Wextra -Werror -I./includes -c processor/exit.c -o objs/exit.o
mkdir -p ./objs/
gcc -Wall -Wextra -Werror -I./includes -c processor/execution.c -o objs/execution.o
mkdir -p ./objs/
gcc -Wall -Wextra -Werror -I./includes -c processor/echo.c -o objs/echo.o
mkdir -p ./objs/
gcc -Wall -Wextra -Werror -I./includes -c processor/pwd.c -o objs/pwd.o
mkdir -p ./objs/
gcc -Wall -Wextra -Werror -I./includes -c processor/cd.c -o objs/cd.o
mkdir -p ./objs/
gcc -Wall -Wextra -Werror -I./includes -c processor/proc_utils.c -o objs/proc_utils.o
mkdir -p ./objs/
gcc -Wall -Wextra -Werror -I./includes -c processor/export.c -o objs/export.o
mkdir -p ./objs/
gcc -Wall -Wextra -Werror -I./includes -c processor/env.c -o objs/env.o
mkdir -p ./objs/
gcc -Wall -Wextra -Werror -I./includes -c processor/envir_var.c -o objs/envir_var.o
mkdir -p ./objs/
gcc -Wall -Wextra -Werror -I./includes -c processor/envslist_utils.c -o objs/envslist_utils.o
mkdir -p ./objs/
gcc -Wall -Wextra -Werror -I./includes -c processor/unset.c -o objs/unset.o
mkdir -p ./objs/
gcc -Wall -Wextra -Werror -I./includes -c processor/find_fd.c -o objs/find_fd.o
mkdir -p ./objs/
gcc -Wall -Wextra -Werror -I./includes -c processor/argslist_utils.c -o objs/argslist_utils.o
mkdir -p ./objs/
gcc -Wall -Wextra -Werror -I./includes -c processor/signals.c -o objs/signals.o
 
mkdir -p ./objs/
gcc -Wall -Wextra -Werror -I./includes -c processor/reset.c -o objs/reset.o
mkdir -p ./objs/
gcc -Wall -Wextra -Werror -I./includes -c processor/buildin.c -o objs/buildin.o
mkdir -p ./objs/
gcc -Wall -Wextra -Werror -I./includes -c processor/export_utils.c -o objs/export_utils.o
mkdir -p ./objs/
gcc -Wall -Wextra -Werror -I./includes -c processor/echo_n.c -o objs/echo_n.o
mkdir -p ./objs/
gcc -Wall -Wextra -Werror -I./includes -c processor/terminal_management.c -o objs/terminal_management.o
mkdir -p ./objs/
gcc -Wall -Wextra -Werror -I./includes -c processor/keys.c -o objs/keys.o
gcc -I./includes -c parser/path_parser.c -o objs/path_parser.o
gcc -I./includes -c parser/args.c -o objs/args.o
gcc -I./includes -c parser/begin.c -o objs/begin.o
gcc -I./includes -c parser/envs.c -o objs/envs.o
 
gcc -I./includes -c parser/helpers.c -o objs/helpers.o
gcc -I./includes -c parser/locations.c -o objs/locations.o
 
gcc -I./includes -c parser/quotes.c -o objs/quotes.o
gcc -I./includes -c parser/spaces.c -o objs/spaces.o
 
gcc -I./includes -c parser/splitters.c -o objs/splitters.o
gcc -I./includes -c parser/strings.c -o objs/strings.o
 
gcc -I./includes -c parser/utils.c -o objs/utils.o
gcc -I./includes -c parser/validators.c -o objs/validators.o
 
gcc -I./includes -c parser/redirectors.c -o objs/redirectors.o
gcc -Wall -Wextra -Werror -I./includes -c main.c -o objs/main.o
gcc ./objs/readline.o ./objs/get_cols.o ./objs/append_line.o ./objs/history.o ./objs/exit.o ./objs/execution.o ./objs/echo.o ./objs/pwd.o ./objs/cd.o ./objs/proc_utils.o ./objs/export.o ./objs/env.o ./objs/envir_var.o ./objs/envslist_utils.o ./objs/unset.o ./objs/find_fd.o ./objs/argslist_utils.o ./objs/signals.o ./objs/reset.o ./objs/buildin.o ./objs/export_utils.o ./objs/echo_n.o ./objs/terminal_management.o ./objs/keys.o ./objs/path_parser.o ./objs/args.o ./objs/begin.o ./objs/envs.o ./objs/helpers.o ./objs/locations.o ./objs/quotes.o ./objs/spaces.o ./objs/splitters.o ./objs/strings.o ./objs/utils.o ./objs/validators.o ./objs/redirectors.o ./objs/main.o -Wall -Wextra -Werror libft/libft.a -ltermcap -o minishell
make: Leaving directory '/home/mangupli/coding/minishell'
 
