make all --print-data-base --no-builtin-variables --no-builtin-rules --question
# GNU Make 4.2.1
# Built for x86_64-pc-linux-gnu
# Copyright (C) 1988-2016 Free Software Foundation, Inc.
# License GPLv3+: GNU GPL version 3 or later <http://gnu.org/licenses/gpl.html>
# This is free software: you are free to change and redistribute it.
# There is NO WARRANTY, to the extent permitted by law.

# Make data base, printed on Thu Aug 19 11:27:19 2021

# Variables

# 'override' directive
GNUMAKEFLAGS := 
# automatic
<D = $(patsubst %/,%,$(dir $<))
# automatic
?F = $(notdir $?)
# environment
DESKTOP_SESSION = ubuntu
# default
.SHELLFLAGS := -c
# environment
XDG_SESSION_CLASS = user
# environment
SNAP_COMMON = /var/snap/code/common
# environment
XDG_SESSION_TYPE = x11
# environment
VSCODE_LOG_NATIVE = false
# automatic
?D = $(patsubst %/,%,$(dir $?))
# environment
IM_CONFIG_PHASE = 1
# makefile (from 'Makefile', line 8)
PROCESS_DIR = ./processor/
# automatic
@D = $(patsubst %/,%,$(dir $@))
# environment
XAUTHORITY = /run/user/1000/gdm/Xauthority
# environment
GDMSESSION = ubuntu
# environment
XMODIFIERS = @im=ibus
# makefile
CURDIR := /home/mangupli/coding/minishell
# makefile
SHELL = /bin/sh
# environment
SNAP_DATA = /var/snap/code/71
# environment
VSCODE_NLS_CONFIG = {"locale":"en-us","availableLanguages":{},"_languagePackSupport":true}
# makefile (from 'Makefile', line 16)
PARSER_INC = $(INC_DIR)parseader.h
# environment
JOURNAL_STREAM = 8:41126
# environment
XDG_CONFIG_DIRS = /etc/xdg/xdg-ubuntu:/etc/xdg
# environment
SNAP_INSTANCE_NAME = code
# environment
SNAP_ARCH = amd64
# makefile (from 'Makefile', line 1)
MAKEFILE_LIST :=  Makefile
# automatic
@F = $(notdir $@)
# environment
GIO_LAUNCHED_DESKTOP_FILE = /var/lib/snapd/desktop/applications/code_code.desktop
# environment
USERNAME = mangupli
# environment
MAKELEVEL := 0
# environment
XDG_DATA_DIRS = /usr/share/ubuntu:/usr/local/share/:/usr/share/:/var/lib/snapd/desktop
# environment
DBUS_SESSION_BUS_ADDRESS = unix:path=/run/user/1000/bus
# environment
VSCODE_VERBOSE_LOGGING = true
# environment
_ = /snap/code/71/usr/share/code/code
# makefile (from 'Makefile', line 44)
OBJS = $(addprefix  $(OBJS_DIR), $(OBJS_PROCCESS) $(OBJS_PARSER) $(OBJS_MAIN))
# environment
MANAGERPID = 1080
# makefile (from 'Makefile', line 23)
SRCS_MAIN = main.c
# environment
LESSOPEN = | /usr/bin/lesspipe %s
# environment
LC_NAME = ru_RU.UTF-8
# environment
VSCODE_CWD = /home/mangupli
# environment
GSETTINGS_SCHEMA_DIR = /snap/code/71/usr/share/glib-2.0/schemas
# default
MAKE_HOST := x86_64-pc-linux-gnu
# environment
PATH = /usr/local/sbin:/usr/local/bin:/usr/sbin:/usr/bin:/sbin:/bin:/usr/games:/usr/local/games:/snap/bin
# environment
GPG_AGENT_INFO = /run/user/1000/gnupg/S.gpg-agent:0:1
# environment
SESSION_MANAGER = local/meow:@/tmp/.ICE-unix/1348,unix/meow:/tmp/.ICE-unix/1348
# environment
XDG_RUNTIME_DIR = /run/user/1000
# environment
GDK_PIXBUF_MODULE_FILE = /home/mangupli/snap/code/common/.cache/gdk-pixbuf-loaders.cache
# makefile (from 'Makefile', line 17)
LINK_INC = -I $(INC_DIR)
# environment
SNAP = /snap/code/71
# environment
SNAP_VERSION = 379476f0
# environment
XDG_MENU_PREFIX = gnome-
# environment
VSCODE_LOG_STACK = false
# environment
DISABLE_WAYLAND = 1
# environment
VSCODE_CRASH_REPORTER_START_OPTIONS = {"companyName":"Microsoft","productName":"VSCode","submitURL":"appcenter://code?aid=fba07a4d-84bd-4fc8-a125-9640fc8ce171&uid=b1888bb2-ba83-4a64-8714-aaab8d6192bc&iid=b1888bb2-ba83-4a64-8714-aaab8d6192bc&sid=b1888bb2-ba83-4a64-8714-aaab8d6192bc","uploadToServer":true}
# environment
INVOCATION_ID = f69ff91f7b7a46cf99e3a962ed0c7e21
# environment
GDK_PIXBUF_MODULEDIR = /snap/code/71/usr/lib/x86_64-linux-gnu/gdk-pixbuf-2.0/2.10.0/loaders
# default
.FEATURES := target-specific order-only second-expansion else-if shortest-stem undefine oneshell archives jobserver output-sync check-symlink load
# makefile (from 'Makefile', line 11)
LIBFT_DIR := ./libft/
# environment
LS_COLORS = 
# environment
XDG_SESSION_DESKTOP = ubuntu
# environment
SSH_AUTH_SOCK = /run/user/1000/keyring/ssh
# environment
GIO_LAUNCHED_DESKTOP_FILE_PID = 4820
# automatic
%F = $(notdir $%)
# makefile (from 'Makefile', line 15)
PROCESS_INC = $(INC_DIR)minishell.h
# environment
DISPLAY = :0
# makefile (from 'Makefile', line 26)
SRCS_PROCCESS = readline.c get_cols.c append_line.c history.c exit.c execution.c echo.c pwd.c cd.c proc_utils.c export.c env.c envir_var.c envslist_utils.c unset.c find_fd.c argslist_utils.c signals.c reset.c buildin.c export_utils.c echo_n.c terminal_management.c keys.c 
# environment
VSCODE_PIPE_LOGGING = true
# environment
SNAP_INSTANCE_KEY = 
# environment
PWD = /home/mangupli/coding/minishell
# default
.LOADED := 
# environment
SSH_AGENT_PID = 1305
# environment
ORIGINAL_XDG_CURRENT_DESKTOP = ubuntu:GNOME
# makefile (from 'Makefile', line 13)
INC_DIR = ./includes/
# environment
GTK_MODULES = gail:atk-bridge
# environment
VSCODE_AMD_ENTRYPOINT = vs/workbench/services/extensions/node/extensionHostProcess
# environment
HOME = /home/mangupli
# environment
LESSCLOSE = /usr/bin/lesspipe %s %s
# environment
VSCODE_CLI = 1
# environment
VSCODE_CODE_CACHE_PATH = /home/mangupli/.config/Code/CachedData/379476f0e13988d90fab105c5c19e7abc8b1dea8
# environment
LOGNAME = mangupli
# environment
APPLICATION_INSIGHTS_NO_DIAGNOSTIC_CHANNEL = true
# environment
SNAP_LIBRARY_PATH = /var/lib/snapd/lib/gl:/var/lib/snapd/lib/gl32:/var/lib/snapd/void
# environment
SNAP_CONTEXT = lzWpXvCYOBYEVg4mNsG8ksnetJZ3es4u4RBj1yOZAmLwYb1_031p
# automatic
+F = $(notdir $+)
# environment
ELECTRON_NO_ATTACH_CONSOLE = 1
# environment
SNAP_USER_COMMON = /home/mangupli/snap/code/common
# environment
VSCODE_HANDLES_UNCAUGHT_ERRORS = true
# environment
GNOME_DESKTOP_SESSION_ID = this-is-deprecated
# automatic
^D = $(patsubst %/,%,$(dir $^))
# environment
LC_TIME = ru_RU.UTF-8
# environment
SNAP_REAL_HOME = /home/mangupli
# default
MAKE = $(MAKE_COMMAND)
# default
MAKECMDGOALS := all
# environment
QT_IM_MODULE = ibus
# environment
SNAP_USER_DATA = /home/mangupli/snap/code/71
# environment
SHLVL = 0
# makefile (from 'Makefile', line 33)
SRCS_PARSER = path_parser.c args.c begin.c envs.c helpers.c locations.c quotes.c spaces.c splitters.c strings.c utils.c validators.c redirectors.c
# makefile (from 'Makefile', line 24)
LIBFT = libft.a
# environment
GNOME_SHELL_SESSION_MODE = ubuntu
# environment
VSCODE_IPC_HOOK_EXTHOST = /run/user/1000/vscode-ipc-bfc24e21-312d-4bda-98ae-3843d03491b1.sock
# default
MAKE_VERSION := 4.2.1
# environment
USER = mangupli
# environment
SNAP_REVISION = 71
# makefile (from 'Makefile', line 40)
OBJS_MAIN = $(SRCS_MAIN:.c=.o)
# environment
LC_MONETARY = ru_RU.UTF-8
# makefile
.DEFAULT_GOAL := all
# environment
XDG_CURRENT_DESKTOP = Unity
# makefile (from 'Makefile', line 21)
NAME = minishell
# automatic
%D = $(patsubst %/,%,$(dir $%))
# environment
LC_TELEPHONE = ru_RU.UTF-8
# default
MAKE_COMMAND := make
# default
.VARIABLES := 
# automatic
*F = $(notdir $*)
# environment
VSCODE_IPC_HOOK = /run/user/1000/vscode-5b770f7c-1.59.0-main.sock
# environment
BAMF_DESKTOP_FILE_HINT = /var/lib/snapd/desktop/applications/code_code.desktop
# makefile
MAKEFLAGS = pqrR
# environment
MFLAGS = -pqrR
# automatic
*D = $(patsubst %/,%,$(dir $*))
# environment
BREAKPAD_DUMP_LOCATION = /home/mangupli/.config/Code/exthost Crash Reports
# makefile (from 'Makefile', line 43)
OBJS_DIR = ./objs/
# automatic
+D = $(patsubst %/,%,$(dir $+))
# environment
GDK_BACKEND = x11
# environment
LC_PAPER = ru_RU.UTF-8
# environment
NO_AT_BRIDGE = 1
# makefile (from 'Makefile', line 7)
PARSER_DIR = ./parser/
# environment
LC_IDENTIFICATION = ru_RU.UTF-8
# environment
QT_ACCESSIBILITY = 1
# makefile (from 'Makefile', line 41)
OBJS_PROCCESS = $(SRCS_PROCCESS:.c=.o)
# default
MAKEFILES := 
# environment
SNAP_COOKIE = lzWpXvCYOBYEVg4mNsG8ksnetJZ3es4u4RBj1yOZAmLwYb1_031p
# environment
LC_NUMERIC = ru_RU.UTF-8
# environment
VSCODE_BROWSER_CODE_LOADING = bypassHeatCheck
# automatic
<F = $(notdir $<)
 
# environment
ELECTRON_RUN_AS_NODE = 1
# environment
LC_MEASUREMENT = ru_RU.UTF-8
# environment
SNAP_NAME = code
# environment
LC_ALL = C
# environment
GJS_DEBUG_TOPICS = JS ERROR;JS LOG
# automatic
^F = $(notdir $^)
# default
SUFFIXES := 
# makefile (from 'Makefile', line 3)
FLAGS = -Wall -Wextra -Werror
# environment
SNAP_REEXEC = 
# environment
CHROME_DESKTOP = code-url-handler.desktop
# environment
WINDOWPATH = 2
# default
.INCLUDE_DIRS = /usr/include /usr/local/include /usr/include
# environment
GJS_DEBUG_OUTPUT = stderr
# default
.RECIPEPREFIX := 
# environment
LC_ADDRESS = ru_RU.UTF-8
# environment
LANG = C
# makefile (from 'Makefile', line 42)
OBJS_PARSER = $(SRCS_PARSER:.c=.o)
# environment
VSCODE_PID = 4574
# variable set hash-table stats:
# Load=151/1024=15%, Rehash=0, Collisions=27/202=13%

# Pattern-specific Variable Values

# No pattern-specific variable values.

# Directories

# . (device 2053, inode 9437264): 14 files, no impossibilities.
# parser (device 2053, inode 9700429): No files, no impossibilities so far.
# processor (device 2053, inode 9701121): No files, no impossibilities so far.

# 14 files, no impossibilities in 3 directories.

# Implicit Rules

objs/%.o: processor/%.c includes/minishell.h
#  recipe to execute (from 'Makefile', line 55):
	@mkdir -p $(OBJS_DIR)
	gcc $(FLAGS) -I./includes -c $< -o $@

objs/%.o: %.c
#  recipe to execute (from 'Makefile', line 59):
	gcc $(FLAGS) -I./includes -c $< -o $@

objs/%.o: parser/%.c includes/parseader.h
#  recipe to execute (from 'Makefile', line 62):
	gcc -I./includes -c $< -o $@

# 3 implicit rules, 0 (0.0%) terminal.

# Files

# Not a target:
objs/export_utils.o:
#  Implicit rule search has not been done.
#  Modification time never checked.
#  File has not been updated.

# Not a target:
objs/reset.o:
#  Implicit rule search has not been done.
#  Modification time never checked.
#  File has not been updated.

# Not a target:
objs/main.o:
#  Implicit rule search has not been done.
#  Modification time never checked.
#  File has not been updated.

# Not a target:
objs/helpers.o:
#  Implicit rule search has not been done.
#  Modification time never checked.
#  File has not been updated.

all: libft.a minishell
#  Phony target (prerequisite of .PHONY).
#  Command line target.
#  Implicit rule search has not been done.
#  File does not exist.
#  File has been updated.
#  Needs to be updated (-q is set).
# variable set hash-table stats:
# Load=0/32=0%, Rehash=0, Collisions=0/4=0%

.PHONY: all clean fclean re
#  Implicit rule search has not been done.
#  Modification time never checked.
#  File has not been updated.

# Not a target:
objs/quotes.o:
#  Implicit rule search has not been done.
#  Modification time never checked.
#  File has not been updated.

# Not a target:
objs/argslist_utils.o:
#  Implicit rule search has not been done.
#  Modification time never checked.
#  File has not been updated.

# Not a target:
objs/keys.o:
#  Implicit rule search has not been done.
#  Modification time never checked.
#  File has not been updated.

# Not a target:
objs/history.o:
#  Implicit rule search has not been done.
#  Modification time never checked.
#  File has not been updated.

# Not a target:
objs/splitters.o:
#  Implicit rule search has not been done.
#  Modification time never checked.
#  File has not been updated.

# Not a target:
objs/validators.o:
#  Implicit rule search has not been done.
#  Modification time never checked.
#  File has not been updated.

# Not a target:
objs/signals.o:
#  Implicit rule search has not been done.
#  Modification time never checked.
#  File has not been updated.

# Not a target:
.SUFFIXES:
#  Implicit rule search has not been done.
#  Modification time never checked.
#  File has not been updated.

# Not a target:
objs/readline.o:
#  Implicit rule search has not been done.
#  Modification time never checked.
#  File has not been updated.

# Not a target:
objs/pwd.o:
#  Implicit rule search has not been done.
#  Modification time never checked.
#  File has not been updated.

# Not a target:
Makefile:
#  Implicit rule search has been done.
#  Last modified 2021-08-19 11:27:00.503325805
#  File has been updated.
#  Successfully updated.

# Not a target:
objs/cd.o:
#  Implicit rule search has not been done.
#  Modification time never checked.
#  File has not been updated.

# Not a target:
objs/echo_n.o:
#  Implicit rule search has not been done.
#  Modification time never checked.
#  File has not been updated.

libft.a:
#  Implicit rule search has not been done.
#  Implicit/static pattern stem: ''
#  File does not exist.
#  File has been updated.
#  Needs to be updated (-q is set).
# automatic
# @ := libft.a
# automatic
# % := 
# automatic
# * := 
# automatic
# + := 
# automatic
# | := 
# automatic
# < := 
# automatic
# ^ := 
# automatic
# ? := 
# variable set hash-table stats:
# Load=8/32=25%, Rehash=0, Collisions=2/12=17%
#  recipe to execute (from 'Makefile', line 52):
	make -C $(LIBFT_DIR)

# Not a target:
objs/append_line.o:
#  Implicit rule search has not been done.
#  Modification time never checked.
#  File has not been updated.

# Not a target:
objs/redirectors.o:
#  Implicit rule search has not been done.
#  Modification time never checked.
#  File has not been updated.

# Not a target:
objs/proc_utils.o:
#  Implicit rule search has not been done.
#  Modification time never checked.
#  File has not been updated.

# Not a target:
objs/echo.o:
#  Implicit rule search has not been done.
#  Modification time never checked.
#  File has not been updated.

# Not a target:
objs/export.o:
#  Implicit rule search has not been done.
#  Modification time never checked.
#  File has not been updated.

minishell: objs/readline.o objs/get_cols.o objs/append_line.o objs/history.o objs/exit.o objs/execution.o objs/echo.o objs/pwd.o objs/cd.o objs/proc_utils.o objs/export.o objs/env.o objs/envir_var.o objs/envslist_utils.o objs/unset.o objs/find_fd.o objs/argslist_utils.o objs/signals.o objs/reset.o objs/buildin.o objs/export_utils.o objs/echo_n.o objs/terminal_management.o objs/keys.o objs/path_parser.o objs/args.o objs/begin.o objs/envs.o objs/helpers.o objs/locations.o objs/quotes.o objs/spaces.o objs/splitters.o objs/strings.o objs/utils.o objs/validators.o objs/redirectors.o objs/main.o
#  Implicit rule search has not been done.
#  Modification time never checked.
#  File has not been updated.
#  recipe to execute (from 'Makefile', line 49):
	gcc $(OBJS) $(FLAGS) libft/libft.a -ltermcap -o $@

fclean: clean
#  Phony target (prerequisite of .PHONY).
#  Implicit rule search has not been done.
#  File does not exist.
#  File has not been updated.
#  recipe to execute (from 'Makefile', line 68):
	rm -f $(NAME)

# Not a target:
objs/utils.o:
#  Implicit rule search has not been done.
#  Modification time never checked.
#  File has not been updated.

# Not a target:
objs/strings.o:
#  Implicit rule search has not been done.
#  Modification time never checked.
#  File has not been updated.

# Not a target:
objs/execution.o:
#  Implicit rule search has not been done.
#  Modification time never checked.
#  File has not been updated.

# Not a target:
objs/find_fd.o:
#  Implicit rule search has not been done.
#  Modification time never checked.
#  File has not been updated.

# Not a target:
.DEFAULT:
#  Implicit rule search has not been done.
#  Modification time never checked.
 
#  File has not been updated.

# Not a target:
objs/get_cols.o:
#  Implicit rule search has not been done.
#  Modification time never checked.
#  File has not been updated.

# Not a target:
objs/envs.o:
#  Implicit rule search has not been done.
#  Modification time never checked.
#  File has not been updated.

re: fclean all
#  Phony target (prerequisite of .PHONY).
#  Implicit rule search has not been done.
#  File does not exist.
#  File has not been updated.

# Not a target:
objs/envir_var.o:
#  Implicit rule search has not been done.
#  Modification time never checked.
#  File has not been updated.

clean:
#  Phony target (prerequisite of .PHONY).
#  Implicit rule search has not been done.
#  File does not exist.
#  File has not been updated.
#  recipe to execute (from 'Makefile', line 65):
	rm -rf $(OBJS_DIR)

# Not a target:
objs/spaces.o:
#  Implicit rule search has not been done.
#  Modification time never checked.
#  File has not been updated.

# Not a target:
objs/env.o:
#  Implicit rule search has not been done.
#  Modification time never checked.
#  File has not been updated.

# Not a target:
objs/path_parser.o:
#  Implicit rule search has not been done.
#  Modification time never checked.
#  File has not been updated.

# Not a target:
objs/exit.o:
#  Implicit rule search has not been done.
#  Modification time never checked.
#  File has not been updated.

# Not a target:
objs/terminal_management.o:
#  Implicit rule search has not been done.
#  Modification time never checked.
#  File has not been updated.

# Not a target:
objs/begin.o:
#  Implicit rule search has not been done.
#  Modification time never checked.
#  File has not been updated.

# Not a target:
objs/buildin.o:
#  Implicit rule search has not been done.
#  Modification time never checked.
#  File has not been updated.

# Not a target:
objs/locations.o:
#  Implicit rule search has not been done.
#  Modification time never checked.
#  File has not been updated.

# Not a target:
objs/unset.o:
#  Implicit rule search has not been done.
#  Modification time never checked.
#  File has not been updated.

# Not a target:
objs/envslist_utils.o:
#  Implicit rule search has not been done.
#  Modification time never checked.
#  File has not been updated.

# Not a target:
objs/args.o:
#  Implicit rule search has not been done.
#  Modification time never checked.
#  File has not been updated.

# files hash-table stats:
# Load=48/1024=5%, Rehash=0, Collisions=6/109=6%
# VPATH Search Paths

# No 'vpath' search paths.

# No general ('VPATH' variable) search path.

# strcache buffers: 1 (0) / strings = 69 / storage = 885 B / avg = 12 B
# current buf: size = 8162 B / used = 885 B / count = 69 / avg = 12 B

# strcache performance: lookups = 95 / hit rate = 27%
# hash-table stats:
# Load=69/8192=1%, Rehash=0, Collisions=2/95=2%
# Finished Make data base on Thu Aug 19 11:27:19 2021

 
